<?xml version="1.0" encoding="UTF-8"?>
<!-- Generated by org.testng.reporters.JUnitXMLReporter -->
<testsuite ignored="0" hostname="sharu" failures="0" tests="3" name="Default test" time="0.054" errors="0" timestamp="2024-04-10T14:28:36 IST">
  <testcase classname="com.selenium.TestngAnnotations" name="kids" time="0.006"/>
  <testcase classname="com.selenium.TestngAnnotations" name="men" time="0.002"/>
  <testcase classname="com.selenium.TestngAnnotations" name="women" time="0.001"/>
</testsuite> <!-- Default test -->
