<?xml version="1.0" encoding="UTF-8"?>
<testng-results ignored="0" total="3" passed="3" failed="0" skipped="0">
  <reporter-output>
  </reporter-output>
  <suite started-at="2024-04-10T14:28:36 IST" name="Default suite" finished-at="2024-04-10T14:28:36 IST" duration-ms="54">
    <groups>
    </groups>
    <test started-at="2024-04-10T14:28:36 IST" name="Default test" finished-at="2024-04-10T14:28:36 IST" duration-ms="54">
      <class name="com.selenium.TestngAnnotations">
        <test-method is-config="true" signature="propertySetting()[pri:0, instance:com.selenium.TestngAnnotations@3e27aa33]" started-at="2024-04-10T14:28:36 IST" name="propertySetting" finished-at="2024-04-10T14:28:36 IST" duration-ms="13" status="PASS">
          <reporter-output>
          </reporter-output>
        </test-method> <!-- propertySetting -->
        <test-method is-config="true" signature="BrowserLaunch()[pri:0, instance:com.selenium.TestngAnnotations@3e27aa33]" started-at="2024-04-10T14:28:36 IST" name="BrowserLaunch" finished-at="2024-04-10T14:28:36 IST" duration-ms="1" status="PASS">
          <reporter-output>
          </reporter-output>
        </test-method> <!-- BrowserLaunch -->
        <test-method is-config="true" signature="LaunchUrl()[pri:0, instance:com.selenium.TestngAnnotations@3e27aa33]" started-at="2024-04-10T14:28:36 IST" name="LaunchUrl" finished-at="2024-04-10T14:28:36 IST" duration-ms="1" status="PASS">
          <reporter-output>
          </reporter-output>
        </test-method> <!-- LaunchUrl -->
        <test-method is-config="true" signature="Login()[pri:0, instance:com.selenium.TestngAnnotations@3e27aa33]" started-at="2024-04-10T14:28:36 IST" name="Login" finished-at="2024-04-10T14:28:36 IST" duration-ms="0" status="PASS">
          <reporter-output>
          </reporter-output>
        </test-method> <!-- Login -->
        <test-method signature="kids()[pri:0, instance:com.selenium.TestngAnnotations@3e27aa33]" started-at="2024-04-10T14:28:36 IST" name="kids" finished-at="2024-04-10T14:28:36 IST" duration-ms="6" status="PASS">
          <reporter-output>
          </reporter-output>
        </test-method> <!-- kids -->
        <test-method is-config="true" signature="Logout()[pri:0, instance:com.selenium.TestngAnnotations@3e27aa33]" started-at="2024-04-10T14:28:36 IST" name="Logout" finished-at="2024-04-10T14:28:36 IST" duration-ms="1" status="PASS">
          <reporter-output>
          </reporter-output>
        </test-method> <!-- Logout -->
        <test-method signature="men()[pri:0, instance:com.selenium.TestngAnnotations@3e27aa33]" started-at="2024-04-10T14:28:36 IST" name="men" finished-at="2024-04-10T14:28:36 IST" duration-ms="2" status="PASS">
          <reporter-output>
          </reporter-output>
        </test-method> <!-- men -->
        <test-method is-config="true" signature="Login()[pri:0, instance:com.selenium.TestngAnnotations@3e27aa33]" started-at="2024-04-10T14:28:36 IST" name="Login" finished-at="2024-04-10T14:28:36 IST" duration-ms="0" status="PASS">
          <reporter-output>
          </reporter-output>
        </test-method> <!-- Login -->
        <test-method is-config="true" signature="Logout()[pri:0, instance:com.selenium.TestngAnnotations@3e27aa33]" started-at="2024-04-10T14:28:36 IST" name="Logout" finished-at="2024-04-10T14:28:36 IST" duration-ms="0" status="PASS">
          <reporter-output>
          </reporter-output>
        </test-method> <!-- Logout -->
        <test-method signature="women()[pri:0, instance:com.selenium.TestngAnnotations@3e27aa33]" started-at="2024-04-10T14:28:36 IST" name="women" finished-at="2024-04-10T14:28:36 IST" duration-ms="1" status="PASS">
          <reporter-output>
          </reporter-output>
        </test-method> <!-- women -->
        <test-method is-config="true" signature="Login()[pri:0, instance:com.selenium.TestngAnnotations@3e27aa33]" started-at="2024-04-10T14:28:36 IST" name="Login" finished-at="2024-04-10T14:28:36 IST" duration-ms="0" status="PASS">
          <reporter-output>
          </reporter-output>
        </test-method> <!-- Login -->
        <test-method is-config="true" signature="Logout()[pri:0, instance:com.selenium.TestngAnnotations@3e27aa33]" started-at="2024-04-10T14:28:36 IST" name="Logout" finished-at="2024-04-10T14:28:36 IST" duration-ms="0" status="PASS">
          <reporter-output>
          </reporter-output>
        </test-method> <!-- Logout -->
        <test-method is-config="true" signature="Screenshot()[pri:0, instance:com.selenium.TestngAnnotations@3e27aa33]" started-at="2024-04-10T14:28:36 IST" name="Screenshot" finished-at="2024-04-10T14:28:36 IST" duration-ms="0" status="PASS">
          <reporter-output>
          </reporter-output>
        </test-method> <!-- Screenshot -->
        <test-method is-config="true" signature="CloseTab()[pri:0, instance:com.selenium.TestngAnnotations@3e27aa33]" started-at="2024-04-10T14:28:36 IST" name="CloseTab" finished-at="2024-04-10T14:28:36 IST" duration-ms="1" status="PASS">
          <reporter-output>
          </reporter-output>
        </test-method> <!-- CloseTab -->
        <test-method is-config="true" signature="TerminateBrowser()[pri:0, instance:com.selenium.TestngAnnotations@3e27aa33]" started-at="2024-04-10T14:28:36 IST" name="TerminateBrowser" finished-at="2024-04-10T14:28:36 IST" duration-ms="0" status="PASS">
          <reporter-output>
          </reporter-output>
        </test-method> <!-- TerminateBrowser -->
      </class> <!-- com.selenium.TestngAnnotations -->
    </test> <!-- Default test -->
  </suite> <!-- Default suite -->
</testng-results>
